app/build/intermediates/manifest_merge_blame_file/debug/manifest-merger-blame-debug-report.txt
1<?xml version="1.0" encoding="utf-8"?>
2<!--
3    Copyright 2013 Simon Willeke
4    contact: hamstercount@hotmail.com
5-->
6<!--
7    This file is part of Blockinger.
8
9    Blockinger is free software: you can redistribute it and/or modify
10    it under the terms of the GNU General Public License as published by
11    the Free Software Foundation, either version 3 of the License, or
12    (at your option) any later version.
13
14    Blockinger is distributed in the hope that it will be useful,
15    but WITHOUT ANY WARRANTY; without even the implied warranty of
16    MERCHANTABILITY or FITNESS FOR A PARTICULAR PURPOSE.  See the
17    GNU General Public License for more details.
18
19    You should have received a copy of the GNU General Public License
20    along with Blockinger.  If not, see <http://www.gnu.org/licenses/>.
21
22    Diese Datei ist Teil von Blockinger.
23
24    Blockinger ist Freie Software: Sie können es unter den Bedingungen
25    der GNU General Public License, wie von der Free Software Foundation,
26    Version 3 der Lizenz oder (nach Ihrer Option) jeder späteren
27    veröffentlichten Version, weiterverbreiten und/oder modifizieren.
28
29    Blockinger wird in der Hoffnung, dass es nützlich sein wird, aber
30    OHNE JEDE GEWÄHELEISTUNG, bereitgestellt; sogar ohne die implizite
31    Gewährleistung der MARKTFÄHIGKEIT oder EIGNUNG FÜR EINEN BESTIMMTEN ZWECK.
32    Siehe die GNU General Public License für weitere Details.
33
34    Sie sollten eine Kopie der GNU General Public License zusammen mit diesem
35    Programm erhalten haben. Wenn nicht, siehe <http://www.gnu.org/licenses/>.
36-->
37<manifest xmlns:android="http://schemas.android.com/apk/res/android"
38    package="org.blockinger.game"
39    android:versionCode="14"
40    android:versionName="1.8.2" >
41
42    <uses-sdk
43        android:minSdkVersion="14"
43-->src/main/AndroidManifest.xml
44        android:targetSdkVersion="30" />
44-->src/main/AndroidManifest.xml
45
46    <uses-permission android:name="android.permission.VIBRATE" />
46-->src/main/AndroidManifest.xml:44:5-66
46-->src/main/AndroidManifest.xml:44:22-63
47
48    <supports-screens
48-->src/main/AndroidManifest.xml:45:5-190
49        android:anyDensity="true"
49-->src/main/AndroidManifest.xml:45:134-159
50        android:largeScreens="true"
50-->src/main/AndroidManifest.xml:45:80-107
51        android:normalScreens="true"
51-->src/main/AndroidManifest.xml:45:23-51
52        android:resizeable="true"
52-->src/main/AndroidManifest.xml:45:108-133
53        android:smallScreens="true"
53-->src/main/AndroidManifest.xml:45:52-79
54        android:xlargeScreens="true" />
54-->src/main/AndroidManifest.xml:45:160-188
55
56    <application
56-->src/main/AndroidManifest.xml:47:5-101:19
57        android:allowBackup="true"
57-->src/main/AndroidManifest.xml:48:9-35
58        android:appComponentFactory="android.support.v4.app.CoreComponentFactory"
58-->[com.android.support:support-compat:28.0.0] AndroidManifest.xml:22:18-91
59        android:debuggable="true"
60        android:icon="@drawable/iconinger_v2"
60-->src/main/AndroidManifest.xml:49:9-46
61        android:label="@string/app_name"
61-->src/main/AndroidManifest.xml:50:9-41
62        android:testOnly="true"
63        android:theme="@style/AppTheme" >
63-->src/main/AndroidManifest.xml:51:9-40
64        <activity
64-->src/main/AndroidManifest.xml:52:9-63:20
65            android:name="org.blockinger.game.activities.MainActivity"
65-->src/main/AndroidManifest.xml:53:13-71
66            android:configChanges="orientation|screenLayout|screenSize"
66-->src/main/AndroidManifest.xml:54:13-72
67            android:icon="@drawable/iconinger_v2"
67-->src/main/AndroidManifest.xml:55:13-50
68            android:label="@string/app_name"
68-->src/main/AndroidManifest.xml:56:13-45
69            android:theme="@style/AppTheme" >
69-->src/main/AndroidManifest.xml:57:13-44
70            <intent-filter>
70-->src/main/AndroidManifest.xml:58:13-62:29
71                <action android:name="android.intent.action.MAIN" />
71-->src/main/AndroidManifest.xml:59:17-69
71-->src/main/AndroidManifest.xml:59:25-66
72
73                <category android:name="android.intent.category.LAUNCHER" />
73-->src/main/AndroidManifest.xml:61:17-77
73-->src/main/AndroidManifest.xml:61:27-74
74            </intent-filter>
75        </activity>
76        <activity
76-->src/main/AndroidManifest.xml:64:9-68:20
77            android:name="org.blockinger.game.activities.GameActivity"
77-->src/main/AndroidManifest.xml:65:13-71
78            android:label="@string/title_activity_game"
78-->src/main/AndroidManifest.xml:66:13-56
79            android:theme="@style/AppTheme" >
79-->src/main/AndroidManifest.xml:67:13-44
80        </activity>
81        <activity
81-->src/main/AndroidManifest.xml:69:9-73:20
82            android:name="org.blockinger.game.activities.SettingsActivity"
82-->src/main/AndroidManifest.xml:70:13-75
83            android:icon="@drawable/ic_settings"
83-->src/main/AndroidManifest.xml:71:13-49
84            android:label="@string/title_activity_settings" >
84-->src/main/AndroidManifest.xml:72:13-60
85        </activity>
86        <activity
86-->src/main/AndroidManifest.xml:74:9-78:20
87            android:name="org.blockinger.game.activities.AdvancedSettingsActivity"
87-->src/main/AndroidManifest.xml:75:13-83
88            android:icon="@drawable/ic_settings"
88-->src/main/AndroidManifest.xml:76:13-49
89            android:label="@string/pref_category_advanced" >
89-->src/main/AndroidManifest.xml:77:13-59
90        </activity>
91        <activity
91-->src/main/AndroidManifest.xml:79:9-83:20
92            android:name="org.blockinger.game.activities.AboutActivity"
92-->src/main/AndroidManifest.xml:80:13-72
93            android:icon="@drawable/iconinger_v2"
93-->src/main/AndroidManifest.xml:81:13-50
94            android:label="@string/title_activity_about" >
94-->src/main/AndroidManifest.xml:82:13-57
95        </activity>
96        <activity
96-->src/main/AndroidManifest.xml:84:9-87:20
97            android:name="org.blockinger.game.activities.HelpActivity"
97-->src/main/AndroidManifest.xml:85:13-71
98            android:label="@string/title_activity_help" >
98-->src/main/AndroidManifest.xml:86:13-56
99        </activity>
100
101        <!--
102        <receiver android:name="org.blockinger.game.components.NoiseBroadcastReceiver">
103		   <intent-filter>
104		      <action android:name="android.media.AUDIO_BECOMING_NOISY" />
105		   </intent-filter>
106		</receiver>
107        
108        <receiver android:name="org.blockinger.game.components.RingerModeChangeReceiver">
109		   <intent-filter>
110		      <action android:name="AudioManager.RINGER_MODE_CHANGED_ACTION" />
111		   </intent-filter>
112		</receiver>
113        -->
114
115    </application>
116
117</manifest>